[    0.000000] Initializing cgroup subsys cpuset
[    0.000000] Initializing cgroup subsys cpu
[    0.000000] Initializing cgroup subsys cpuacct
[    0.000000] Linux version 4.4.0-157-generic (buildd@lgw01-amd64-037) (gcc version 5.4.0 20160609 (Ubuntu 5.4.0-6ubuntu1~16.04.10) ) #185-Ubuntu SMP Tue Jul 23 09:17:01 UTC 2019 (Ubuntu 4.4.0-157.185-generic 4.4.181)
[    0.000000] Command line: BOOT_IMAGE=/boot/vmlinuz-4.4.0-157-generic root=LABEL=cloudimg-rootfs ro console=tty1 console=ttyS0
[    0.000000] KERNEL supported cpus:
[    0.000000]   Intel GenuineIntel
[    0.000000]   AMD AuthenticAMD
[    0.000000]   Centaur CentaurHauls
[    0.000000] x86/fpu: xstate_offset[2]:  576, xstate_sizes[2]:  256
[    0.000000] x86/fpu: Supporting XSAVE feature 0x01: 'x87 floating point registers'
[    0.000000] x86/fpu: Supporting XSAVE feature 0x02: 'SSE registers'
[    0.000000] x86/fpu: Supporting XSAVE feature 0x04: 'AVX registers'
[    0.000000] x86/fpu: Enabled xstate features 0x7, context size is 832 bytes, using 'standard' format.
[    0.000000] e820: BIOS-provided physical RAM map:
[    0.000000] BIOS-e820: [mem 0x0000000000000000-0x000000000009fbff] usable
[    0.000000] BIOS-e820: [mem 0x000000000009fc00-0x000000000009ffff] reserved
[    0.000000] BIOS-e820: [mem 0x00000000000f0000-0x00000000000fffff] reserved
[    0.000000] BIOS-e820: [mem 0x0000000000100000-0x000000003ffeffff] usable
[    0.000000] BIOS-e820: [mem 0x000000003fff0000-0x000000003fffffff] ACPI data
[    0.000000] BIOS-e820: [mem 0x00000000fec00000-0x00000000fec00fff] reserved
[    0.000000] BIOS-e820: [mem 0x00000000fee00000-0x00000000fee00fff] reserved
[    0.000000] BIOS-e820: [mem 0x00000000fffc0000-0x00000000ffffffff] reserved
[    0.000000] NX (Execute Disable) protection: active
[    0.000000] SMBIOS 2.5 present.
[    0.000000] Hypervisor detected: KVM
[    0.000000] e820: last_pfn = 0x3fff0 max_arch_pfn = 0x400000000
[    0.000000] MTRR: Disabled
[    0.000000] x86/PAT: MTRRs disabled, skipping PAT initialization too.
[    0.000000] CPU MTRRs all blank - virtualized system.
[    0.000000] x86/PAT: Configuration [0-7]: WB  WT  UC- UC  WB  WT  UC- UC  
[    0.000000] found SMP MP-table at [mem 0x0009fff0-0x0009ffff] mapped at [ffff88000009fff0]
[    0.000000] Scanning 1 areas for low memory corruption
[    0.000000] RAMDISK: [mem 0x362fc000-0x37175fff]
[    0.000000] ACPI: Early table checksum verification disabled
[    0.000000] ACPI: RSDP 0x00000000000E0000 000024 (v02 VBOX  )
[    0.000000] ACPI: XSDT 0x000000003FFF0030 00003C (v01 VBOX   VBOXXSDT 00000001 ASL  00000061)
[    0.000000] ACPI: FACP 0x000000003FFF00F0 0000F4 (v04 VBOX   VBOXFACP 00000001 ASL  00000061)
[    0.000000] ACPI: DSDT 0x000000003FFF0470 0022EA (v02 VBOX   VBOXBIOS 00000002 INTL 20100528)
[    0.000000] ACPI: FACS 0x000000003FFF0200 000040
[    0.000000] ACPI: FACS 0x000000003FFF0200 000040
[    0.000000] ACPI: APIC 0x000000003FFF0240 00005C (v02 VBOX   VBOXAPIC 00000001 ASL  00000061)
[    0.000000] ACPI: SSDT 0x000000003FFF02A0 0001CC (v01 VBOX   VBOXCPUT 00000002 INTL 20100528)
[    0.000000] No NUMA configuration found
[    0.000000] Faking a node at [mem 0x0000000000000000-0x000000003ffeffff]
[    0.000000] NODE_DATA(0) allocated [mem 0x3ffeb000-0x3ffeffff]
[    0.000000] kvm-clock: Using msrs 4b564d01 and 4b564d00
[    0.000000] kvm-clock: cpu 0, msr 0:3ffe3001, primary cpu clock
[    0.000000] kvm-clock: using sched offset of 3613077395 cycles
[    0.000000] clocksource: kvm-clock: mask: 0xffffffffffffffff max_cycles: 0x1cd42e4dffb, max_idle_ns: 881590591483 ns
[    0.000000] Zone ranges:
[    0.000000]   DMA      [mem 0x0000000000001000-0x0000000000ffffff]
[    0.000000]   DMA32    [mem 0x0000000001000000-0x000000003ffeffff]
[    0.000000]   Normal   empty
[    0.000000]   Device   empty
[    0.000000] Movable zone start for each node
[    0.000000] Early memory node ranges
[    0.000000]   node   0: [mem 0x0000000000001000-0x000000000009efff]
[    0.000000]   node   0: [mem 0x0000000000100000-0x000000003ffeffff]
[    0.000000] Initmem setup node 0 [mem 0x0000000000001000-0x000000003ffeffff]
[    0.000000] ACPI: PM-Timer IO Port: 0x4008
[    0.000000] IOAPIC[0]: apic_id 2, version 32, address 0xfec00000, GSI 0-23
[    0.000000] ACPI: INT_SRC_OVR (bus 0 bus_irq 0 global_irq 2 dfl dfl)
[    0.000000] ACPI: INT_SRC_OVR (bus 0 bus_irq 9 global_irq 9 low level)
[    0.000000] Using ACPI (MADT) for SMP configuration information
[    0.000000] smpboot: Allowing 2 CPUs, 0 hotplug CPUs
[    0.000000] PM: Registered nosave memory: [mem 0x00000000-0x00000fff]
[    0.000000] PM: Registered nosave memory: [mem 0x0009f000-0x0009ffff]
[    0.000000] PM: Registered nosave memory: [mem 0x000a0000-0x000effff]
[    0.000000] PM: Registered nosave memory: [mem 0x000f0000-0x000fffff]
[    0.000000] e820: [mem 0x40000000-0xfebfffff] available for PCI devices
[    0.000000] Booting paravirtualized kernel on KVM
[    0.000000] clocksource: refined-jiffies: mask: 0xffffffff max_cycles: 0xffffffff, max_idle_ns: 7645519600211568 ns
[    0.000000] setup_percpu: NR_CPUS:512 nr_cpumask_bits:512 nr_cpu_ids:2 nr_node_ids:1
[    0.000000] PERCPU: Embedded 34 pages/cpu @ffff88003fc00000 s99544 r8192 d31528 u1048576
[    0.000000] Built 1 zonelists in Node order, mobility grouping on.  Total pages: 257912
[    0.000000] Policy zone: DMA32
[    0.000000] Kernel command line: BOOT_IMAGE=/boot/vmlinuz-4.4.0-157-generic root=LABEL=cloudimg-rootfs ro console=tty1 console=ttyS0
[    0.000000] PID hash table entries: 4096 (order: 3, 32768 bytes)
[    0.000000] Memory: 997736K/1048120K available (8618K kernel code, 1335K rwdata, 4032K rodata, 1484K init, 1284K bss, 50384K reserved, 0K cma-reserved)
[    0.000000] SLUB: HWalign=64, Order=0-3, MinObjects=0, CPUs=2, Nodes=1
[    0.000000] Kernel/User page tables isolation: enabled
[    0.000000] Hierarchical RCU implementation.
[    0.000000] 	Build-time adjustment of leaf fanout to 64.
[    0.000000] 	RCU restricting CPUs from NR_CPUS=512 to nr_cpu_ids=2.
[    0.000000] RCU: Adjusting geometry for rcu_fanout_leaf=64, nr_cpu_ids=2
[    0.000000] NR_IRQS:33024 nr_irqs:440 16
[    0.000000] Console: colour VGA+ 80x25
[    0.000000] console [tty1] enabled
[    0.000000] console [ttyS0] enabled
[    0.000000] tsc: Detected 2712.004 MHz processor
[    0.190924] Calibrating delay loop (skipped) preset value.. 5424.00 BogoMIPS (lpj=10848016)
[    0.193134] pid_max: default: 32768 minimum: 301
[    0.194339] ACPI: Core revision 20150930
[    0.197045] ACPI: 2 ACPI AML tables successfully acquired and loaded
[    0.198707] Security Framework initialized
[    0.199796] Yama: becoming mindful.
[    0.200771] AppArmor: AppArmor initialized
[    0.201966] Dentry cache hash table entries: 131072 (order: 8, 1048576 bytes)
[    0.206907] Inode-cache hash table entries: 65536 (order: 7, 524288 bytes)
[    0.208822] Mount-cache hash table entries: 2048 (order: 2, 16384 bytes)
[    0.210524] Mountpoint-cache hash table entries: 2048 (order: 2, 16384 bytes)
[    0.212462] Initializing cgroup subsys io
[    0.213606] Initializing cgroup subsys memory
[    0.214836] Initializing cgroup subsys devices
[    0.216070] Initializing cgroup subsys freezer
[    0.217271] Initializing cgroup subsys net_cls
[    0.218552] Initializing cgroup subsys perf_event
[    0.219838] Initializing cgroup subsys net_prio
[    0.221116] Initializing cgroup subsys hugetlb
[    0.222478] Initializing cgroup subsys pids
[    0.225418] mce: CPU supports 0 MCE banks
[    0.226621] Last level iTLB entries: 4KB 64, 2MB 8, 4MB 8
[    0.228063] Last level dTLB entries: 4KB 64, 2MB 0, 4MB 0, 1GB 4
[    0.229606] Spectre V2 : Mitigation: Full generic retpoline
[    0.231201] Spectre V2 : Spectre v2 / SpectreRSB mitigation: Filling RSB on context switch
[    0.233571] Speculative Store Bypass: Vulnerable
[    0.234997] MDS: Vulnerable: Clear CPU buffers attempted, no microcode
[    0.240327] Freeing SMP alternatives memory: 36K
[    0.248906] ftrace: allocating 32312 entries in 127 pages
[    0.325218] smpboot: APIC(0) Converting physical 0 to logical package 0
[    0.326985] smpboot: Max logical packages: 1
[    0.328622] x2apic enabled
[    0.329939] Switched APIC routing to physical x2apic.
[    0.332934] ..TIMER: vector=0x30 apic1=0 pin1=2 apic2=-1 pin2=-1
[    0.442912] smpboot: CPU0: Intel(R) Core(TM) i5-7200U CPU @ 2.50GHz (family: 0x6, model: 0x8e, stepping: 0x9)
[    0.446020] Performance Events: unsupported p6 CPU model 142 no PMU driver, software events only.
[    0.460966] KVM setup paravirtual spinlock
[    0.462998] x86: Booting SMP configuration:
[    0.464265] .... node  #0, CPUs:      #1
[    0.465603] kvm-clock: cpu 1, msr 0:3ffe3041, secondary cpu clock
[    0.468248] mce: CPU supports 0 MCE banks
[    0.470864] x86: Booted up 1 node, 2 CPUs
[    0.472426] smpboot: Total of 2 processors activated (10848.01 BogoMIPS)
[    0.474767] devtmpfs: initialized
[    0.477778] evm: security.selinux
[    0.479102] evm: security.SMACK64
[    0.480220] evm: security.SMACK64EXEC
[    0.481295] evm: security.SMACK64TRANSMUTE
[    0.482460] evm: security.SMACK64MMAP
[    0.483643] evm: security.ima
[    0.484710] evm: security.capability
[    0.486078] clocksource: jiffies: mask: 0xffffffff max_cycles: 0xffffffff, max_idle_ns: 7645041785100000 ns
[    0.488836] futex hash table entries: 512 (order: 3, 32768 bytes)
[    0.490681] pinctrl core: initialized pinctrl subsystem
[    0.492315] RTC time:  4:59:46, date: 08/19/19
[    0.493772] NET: Registered protocol family 16
[    0.508352] cpuidle: using governor ladder
[    0.520620] cpuidle: using governor menu
[    0.521981] PCCT header not found.
[    0.523210] ACPI: bus type PCI registered
[    0.524398] acpiphp: ACPI Hot Plug PCI Controller Driver version: 0.5
[    0.526179] PCI: Using configuration type 1 for base access
[    0.544222] ACPI: Added _OSI(Module Device)
[    0.545516] ACPI: Added _OSI(Processor Device)
[    0.546776] ACPI: Added _OSI(3.0 _SCP Extensions)
[    0.548075] ACPI: Added _OSI(Processor Aggregator Device)
[    0.550300] ACPI: Executed 1 blocks of module-level executable AML code
[    0.554837] ACPI: Interpreter enabled
[    0.556024] ACPI: (supports S0 S5)
[    0.557043] ACPI: Using IOAPIC for interrupt routing
[    0.558583] PCI: Using host bridge windows from ACPI; if necessary, use "pci=nocrs" and report a bug
[    0.565369] ACPI: PCI Root Bridge [PCI0] (domain 0000 [bus 00-ff])
[    0.567028] acpi PNP0A03:00: _OSC: OS supports [ASPM ClockPM Segments MSI]
[    0.569187] acpi PNP0A03:00: _OSC: not requesting OS control; OS requires [ExtendedConfig ASPM ClockPM MSI]
[    0.571954] acpi PNP0A03:00: fail to add MMCONFIG information, can't access extended PCI configuration space under this bridge.
[    0.575367] PCI host bridge to bus 0000:00
[    0.576620] pci_bus 0000:00: root bus resource [io  0x0000-0x0cf7 window]
[    0.578539] pci_bus 0000:00: root bus resource [io  0x0d00-0xffff window]
[    0.580398] pci_bus 0000:00: root bus resource [mem 0x000a0000-0x000bffff window]
[    0.582554] pci_bus 0000:00: root bus resource [mem 0x40000000-0xfdffffff window]
[    0.584955] pci_bus 0000:00: root bus resource [bus 00-ff]
[    0.588623] pci 0000:00:01.1: legacy IDE quirk: reg 0x10: [io  0x01f0-0x01f7]
[    0.590406] pci 0000:00:01.1: legacy IDE quirk: reg 0x14: [io  0x03f6]
[    0.592175] pci 0000:00:01.1: legacy IDE quirk: reg 0x18: [io  0x0170-0x0177]
[    0.593972] pci 0000:00:01.1: legacy IDE quirk: reg 0x1c: [io  0x0376]
[    0.618431] pci 0000:00:07.0: quirk: [io  0x4000-0x403f] claimed by PIIX4 ACPI
[    0.635373] pci 0000:00:07.0: quirk: [io  0x4100-0x410f] claimed by PIIX4 SMB
[    0.651347] ACPI: PCI Interrupt Link [LNKA] (IRQs 5 9 10 *11)
[    0.653806] ACPI: PCI Interrupt Link [LNKB] (IRQs 5 9 *10 11)
[    0.656146] ACPI: PCI Interrupt Link [LNKC] (IRQs 5 *9 10 11)
[    0.658591] ACPI: PCI Interrupt Link [LNKD] (IRQs 5 9 10 *11)
[    0.661064] ACPI: Enabled 2 GPEs in block 00 to 07
[    0.662952] vgaarb: setting as boot device: PCI:0000:00:02.0
[    0.664471] vgaarb: device added: PCI:0000:00:02.0,decodes=io+mem,owns=io+mem,locks=none
[    0.666675] vgaarb: loaded
[    0.667620] vgaarb: bridge control possible 0000:00:02.0
[    0.669413] SCSI subsystem initialized
[    0.670747] ACPI: bus type USB registered
[    0.672076] usbcore: registered new interface driver usbfs
[    0.673590] usbcore: registered new interface driver hub
[    0.675091] usbcore: registered new device driver usb
[    0.676775] PCI: Using ACPI for IRQ routing
[    0.678431] NetLabel: Initializing
[    0.679717] NetLabel:  domain hash size = 128
[    0.681032] NetLabel:  protocols = UNLABELED CIPSOv4
[    0.685541] NetLabel:  unlabeled traffic allowed by default
[    0.687378] amd_nb: Cannot enumerate AMD northbridges
[    0.688888] clocksource: Switched to clocksource kvm-clock
[    0.702545] AppArmor: AppArmor Filesystem Enabled
[    0.704001] pnp: PnP ACPI init
[    0.705931] pnp: PnP ACPI: found 3 devices
[    0.717913] clocksource: acpi_pm: mask: 0xffffff max_cycles: 0xffffff, max_idle_ns: 2085701024 ns
[    0.720438] NET: Registered protocol family 2
[    0.721886] TCP established hash table entries: 8192 (order: 4, 65536 bytes)
[    0.723693] TCP bind hash table entries: 8192 (order: 5, 131072 bytes)
[    0.725255] TCP: Hash tables configured (established 8192 bind 8192)
[    0.726891] UDP hash table entries: 512 (order: 2, 16384 bytes)
[    0.728466] UDP-Lite hash table entries: 512 (order: 2, 16384 bytes)
[    0.730194] NET: Registered protocol family 1
[    0.731470] pci 0000:00:00.0: Limiting direct PCI/PCI transfers
[    0.733101] pci 0000:00:01.0: Activating ISA DMA hang workarounds
[    0.734898] Unpacking initramfs...
[    1.003665] Freeing initrd memory: 14824K
[    1.005700] clocksource: tsc: mask: 0xffffffffffffffff max_cycles: 0x27178a49c0e, max_idle_ns: 440795317528 ns
[    1.010497] platform rtc_cmos: registered platform RTC device (no PNP device found)
[    1.014422] Scanning for low memory corruption every 60 seconds
[    1.017739] audit: initializing netlink subsys (disabled)
[    1.019681] audit: type=2000 audit(1566190791.157:1): initialized
[    1.022047] Initialise system trusted keyring
[    1.023951] HugeTLB registered 2 MB page size, pre-allocated 0 pages
[    1.027776] zbud: loaded
[    1.029045] VFS: Disk quotas dquot_6.6.0
[    1.030260] VFS: Dquot-cache hash table entries: 512 (order 0, 4096 bytes)
[    1.032492] squashfs: version 4.0 (2009/01/31) Phillip Lougher
[    1.034769] fuse init (API version 7.23)
[    1.036315] Key type big_key registered
[    1.037598] Allocating IMA MOK and blacklist keyrings.
[    1.041303] Key type asymmetric registered
[    1.042805] Asymmetric key parser 'x509' registered
[    1.044750] Block layer SCSI generic (bsg) driver version 0.4 loaded (major 249)
[    1.047999] io scheduler noop registered
[    1.049080] io scheduler deadline registered (default)
[    1.050515] io scheduler cfq registered
[    1.051698] pci_hotplug: PCI Hot Plug PCI Core version: 0.5
[    1.053142] pciehp: PCI Express Hot Plug Controller Driver version: 0.4
[    1.056118] ACPI: AC Adapter [AC] (on-line)
[    1.057784] input: Power Button as /devices/LNXSYSTM:00/LNXPWRBN:00/input/input0
[    1.060633] ACPI: Power Button [PWRF]
[    1.062270] input: Sleep Button as /devices/LNXSYSTM:00/LNXSLPBN:00/input/input1
[    1.065244] ACPI: Sleep Button [SLPF]
[    1.068443] ACPI: Battery Slot [BAT0] (battery present)
[    1.070808] GHES: HEST is not enabled!
[    1.072433] Serial: 8250/16550 driver, 32 ports, IRQ sharing enabled
[    1.097337] 00:02: ttyS0 at I/O 0x3f8 (irq = 4, base_baud = 115200) is a 16550A
[    1.101876] Linux agpgart interface v0.103
[    1.105566] loop: module loaded
[    1.107862] scsi host0: ata_piix
[    1.109347] scsi host1: ata_piix
[    1.110697] ata1: PATA max UDMA/33 cmd 0x1f0 ctl 0x3f6 bmdma 0xd000 irq 14
[    1.112769] ata2: PATA max UDMA/33 cmd 0x170 ctl 0x376 bmdma 0xd008 irq 15
[    1.115492] libphy: Fixed MDIO Bus: probed
[    1.116936] tun: Universal TUN/TAP device driver, 1.6
[    1.118280] tun: (C) 1999-2004 Max Krasnyansky <maxk@qualcomm.com>
[    1.119850] PPP generic driver version 2.4.2
[    1.121195] ehci_hcd: USB 2.0 'Enhanced' Host Controller (EHCI) Driver
[    1.122945] ehci-pci: EHCI PCI platform driver
[    1.124250] ehci-platform: EHCI generic platform driver
[    1.125575] ohci_hcd: USB 1.1 'Open' Host Controller (OHCI) Driver
[    1.127769] ohci-pci: OHCI PCI platform driver
[    1.129555] ohci-platform: OHCI generic platform driver
[    1.131321] uhci_hcd: USB Universal Host Controller Interface driver
[    1.133602] i8042: PNP: PS/2 Controller [PNP0303:PS2K,PNP0f03:PS2M] at 0x60,0x64 irq 1,12
[    1.137314] serio: i8042 KBD port at 0x60,0x64 irq 1
[    1.138562] serio: i8042 AUX port at 0x60,0x64 irq 12
[    1.140466] mousedev: PS/2 mouse device common for all mice
[    1.143102] input: AT Translated Set 2 keyboard as /devices/platform/i8042/serio0/input/input2
[    1.146501] rtc_cmos rtc_cmos: rtc core: registered rtc_cmos as rtc0
[    1.148779] rtc_cmos rtc_cmos: alarms up to one day, 114 bytes nvram
[    1.150880] i2c /dev entries driver
[    1.152392] device-mapper: uevent: version 1.0.3
[    1.153969] device-mapper: ioctl: 4.34.0-ioctl (2015-10-28) initialised: dm-devel@redhat.com
[    1.157025] ledtrig-cpu: registered to indicate activity on CPUs
[    1.159654] NET: Registered protocol family 10
[    1.161600] NET: Registered protocol family 17
[    1.163162] Key type dns_resolver registered
[    1.165109] registered taskstats version 1
[    1.166614] Loading compiled-in X.509 certificates
[    1.169132] Loaded X.509 cert 'Build time autogenerated kernel key: 3e01e6df98386236d59670e6b2ed19a044d5324e'
[    1.172445] zswap: loaded using pool lzo/zbud
[    1.175920] Key type trusted registered
[    1.181893] Key type encrypted registered
[    1.183058] AppArmor: AppArmor sha1 policy hashing enabled
[    1.184395] ima: No TPM chip found, activating TPM-bypass!
[    1.185996] ima: Allocated hash algorithm: sha1
[    1.187639] evm: HMAC attrs: 0x1
[    1.189477]   Magic number: 15:304:970
[    1.190662] rtc_cmos rtc_cmos: setting system clock to 2019-08-19 04:59:46 UTC (1566190786)
[    1.193016] BIOS EDD facility v0.16 2004-Jun-25, 0 devices found
[    1.194508] EDD information not available.
[    1.272795] Freeing unused kernel memory: 1484K
[    1.278255] Write protecting the kernel read-only data: 14336k
[    1.286955] Freeing unused kernel memory: 1612K
[    1.292007] Freeing unused kernel memory: 64K
Loading, please wait...
starting version 229
[    1.335300] random: systemd-udevd: uninitialized urandom read (16 bytes read, 3 bits of entropy available)
[    1.336866] random: udevadm: uninitialized urandom read (16 bytes read, 3 bits of entropy available)
[    1.336998] random: udevadm: uninitialized urandom read (16 bytes read, 3 bits of entropy available)
[    1.352161] random: systemd-udevd: uninitialized urandom read (16 bytes read, 3 bits of entropy available)
[    1.356043] random: systemd-udevd: uninitialized urandom read (16 bytes read, 3 bits of entropy available)
[    1.357172] random: udevadm: uninitialized urandom read (16 bytes read, 3 bits of entropy available)
[    1.357256] random: udevadm: uninitialized urandom read (16 bytes read, 3 bits of entropy available)
[    1.357534] random: udevadm: uninitialized urandom read (16 bytes read, 3 bits of entropy available)
[    1.357595] random: udevadm: uninitialized urandom read (16 bytes read, 3 bits of entropy available)
[    1.357651] random: udevadm: uninitialized urandom read (16 bytes read, 3 bits of entropy available)
[    1.408450] e1000: Intel(R) PRO/1000 Network Driver - version 7.3.21-k8-NAPI
[    1.410447] e1000: Copyright (c) 1999-2006 Intel Corporation.
[    1.419099] Fusion MPT base driver 3.04.20
[    1.420717] Copyright (c) 1999-2008 LSI Corporation
[    1.428346] Fusion MPT SPI Host driver 3.04.20
[    1.441359] AVX2 version of gcm_enc/dec engaged.
[    1.443079] AES CTR mode by8 optimization enabled
[    1.623260] input: ImExPS/2 Generic Explorer Mouse as /devices/platform/i8042/serio1/input/input4
[    1.812204] e1000 0000:00:03.0 eth0: (PCI:33MHz:32-bit) 02:c2:66:bb:16:6d
[    1.814150] e1000 0000:00:03.0 eth0: Intel(R) PRO/1000 Network Connection
[    2.207176] e1000 0000:00:08.0 eth1: (PCI:33MHz:32-bit) 08:00:27:da:cc:22
[    2.209407] e1000 0000:00:08.0 eth1: Intel(R) PRO/1000 Network Connection
[    2.214213] e1000 0000:00:03.0 enp0s3: renamed from eth0
[    2.216813] mptbase: ioc0: Initiating bringup
[    2.237263] e1000 0000:00:08.0 enp0s8: renamed from eth1
[    2.664461] ioc0: LSI53C1030 A0: Capabilities={Initiator}
[    3.811775] scsi host2: ioc0: LSI53C1030 A0, FwRev=00000000h, Ports=1, MaxQ=256, IRQ=20
[    4.320111] scsi 2:0:0:0: Direct-Access     VBOX     HARDDISK         1.0  PQ: 0 ANSI: 5
[    4.333512] scsi target2:0:0: Beginning Domain Validation
[    4.348664] scsi target2:0:0: Domain Validation skipping write tests
[    4.355974] scsi target2:0:0: Ending Domain Validation
[    4.360290] scsi target2:0:0: asynchronous
[    4.364907] scsi 2:0:1:0: Direct-Access     VBOX     HARDDISK         1.0  PQ: 0 ANSI: 5
[    4.371866] scsi target2:0:1: Beginning Domain Validation
[    4.377422] scsi target2:0:1: Domain Validation skipping write tests
[    4.381110] scsi target2:0:1: Ending Domain Validation
[    4.404194] scsi target2:0:1: asynchronous
[    4.418025] sd 2:0:0:0: [sda] 20971520 512-byte logical blocks: (10.7 GB/10.0 GiB)
[    4.418094] sd 2:0:0:0: Attached scsi generic sg0 type 0
[    4.418969] sd 2:0:1:0: [sdb] 20480 512-byte logical blocks: (10.5 MB/10.0 MiB)
[    4.419263] sd 2:0:1:0: [sdb] Write Protect is off
[    4.419416] sd 2:0:1:0: [sdb] Incomplete mode parameter data
[    4.419418] sd 2:0:1:0: [sdb] Assuming drive cache: write through
[    4.419602] sd 2:0:1:0: Attached scsi generic sg1 type 0
[    4.424631] sd 2:0:1:0: [sdb] Attached SCSI disk
[    4.436624] sd 2:0:0:0: [sda] Write Protect is off
[    4.438465] sd 2:0:0:0: [sda] Incomplete mode parameter data
[    4.440511] sd 2:0:0:0: [sda] Assuming drive cache: write through
[    4.444743]  sda: sda1
[    4.446803] sd 2:0:0:0: [sda] Attached SCSI disk
Begin: Loading essential drivers ... [    6.030394] md: linear personality registered for level -1
[    6.034971] md: multipath personality registered for level -4
[    6.039175] md: raid0 personality registered for level 0
[    6.045009] md: raid1 personality registered for level 1
[    6.117738] raid6: sse2x1   gen() 10262 MB/s
[    6.185034] raid6: sse2x1   xor()  6839 MB/s
[    6.253392] raid6: sse2x2   gen() 11283 MB/s
[    6.321690] raid6: sse2x2   xor()  8659 MB/s
[    6.389979] raid6: sse2x4   gen() 11210 MB/s
[    6.457350] raid6: sse2x4   xor()  7575 MB/s
[    6.525704] raid6: avx2x1   gen() 19924 MB/s
[    6.593986] raid6: avx2x2   gen() 23685 MB/s
[    6.661302] raid6: avx2x4   gen() 22326 MB/s
[    6.662915] raid6: using algorithm avx2x2 gen() 23685 MB/s
[    6.664387] raid6: using avx2x2 recovery algorithm
[    6.667429] xor: automatically using best checksumming function:
[    6.705235]    avx       : 21498.000 MB/sec
[    6.708596] async_tx: api initialized (async)
[    6.721837] md: raid6 personality registered for level 6
[    6.723594] md: raid5 personality registered for level 5
[    6.725802] md: raid4 personality registered for level 4
[    6.734279] md: raid10 personality registered for level 10
done.
Begin: Running /scripts/init-premount ... done.
Begin: Mounting root file system ... Begin: Running /scripts/local-top ... done.
Begin: Running /scripts/local-premount ... [    6.768902] Btrfs loaded
Scanning for Btrfs filesystems
done.
Warning: fsck not present, so skipping root file system
[    6.802399] EXT4-fs (sda1): mounted filesystem with ordered data mode. Opts: (null)
done.
Begin: Running /scripts/local-bottom ... done.
Begin: Running /scripts/init-bottom ... done.
[    6.910221] systemd[1]: systemd 229 running in system mode. (+PAM +AUDIT +SELINUX +IMA +APPARMOR +SMACK +SYSVINIT +UTMP +LIBCRYPTSETUP +GCRYPT +GNUTLS +ACL +XZ -LZ4 +SECCOMP +BLKID +ELFUTILS +KMOD -IDN)
[    6.916105] systemd[1]: Detected virtualization oracle.
[    6.917640] systemd[1]: Detected architecture x86-64.

Welcome to [1mUbuntu 16.04.6 LTS[0m!

[    6.930308] systemd[1]: Set hostname to <ubuntu>.
[    6.935144] systemd[1]: Initializing machine ID from random generator.
[    6.936962] systemd[1]: Installed transient /etc/machine-id file.
[    7.087869] systemd[1]: Created slice System Slice.
[[0;32m  OK  [0m] Created slice System Slice.
[    7.090175] systemd[1]: Listening on /dev/initctl Compatibility Named Pipe.
[[0;32m  OK  [0m] Listening on /dev/initctl Compatibility Named Pipe.
[    7.092921] systemd[1]: Listening on LVM2 metadata daemon socket.
[[0;32m  OK  [0m] Listening on LVM2 metadata daemon socket.
[    7.095706] systemd[1]: Listening on Journal Socket (/dev/log).
[[0;32m  OK  [0m] Listening on Journal Socket (/dev/log).
[    7.098628] systemd[1]: Started Trigger resolvconf update for networkd DNS.
[[0;32m  OK  [0m] Started Trigger resolvconf update for networkd DNS.
[    7.101846] systemd[1]: Listening on Device-mapper event daemon FIFOs.
[[0;32m  OK  [0m] Listening on Device-mapper event daemon FIFOs.
[    7.104972] systemd[1]: Listening on Journal Socket.
[[0;32m  OK  [0m] Listening on Journal Socket.
[    7.121677] systemd[1]: Mounting Huge Pages File System...
         Mounting Huge Pages File System...
[    7.130531] systemd[1]: Starting Monitoring of LVM2 mirrors, snapshots etc. using dmeventd or progress polling...
         Starting Monitoring of LVM2 mirrors... dmeventd or progress polling...
[    7.136329] systemd[1]: Mounting POSIX Message Queue File System...
         Mounting POSIX Message Queue File System...
[    7.143470] systemd[1]: Starting Load Kernel Modules...
         Starting Load Kernel Modules...
[    7.150099] systemd[1]: Starting Set console keymap...
         Starting Set console keymap...
[    7.153531] systemd[1]: Listening on LVM2 poll daemon socket.
[[0;32m  OK  [0m] Listening on LVM2 poll daemon socket.
[    7.157783] systemd[1]: Created slice User and Session Slice.
[[0;32m  OK  [0m] Created slice User and Session Slice.
[    7.161743] systemd[1]: Created slice system-serial\x2dgetty.slice.
[[0;32m  OK  [0m] Created slice system-serial\x2dgetty.slice.
[    7.165829] systemd[1]: Listening on udev Control Socket.
[[0;32m  OK  [0m] Listening on udev Control Socket.
[    7.172758] systemd[1]: Starting Nameserver information manager...
[    7.175284] Loading iSCSI transport class v2.0-870.
         Starting Nameserver information manager...
[    7.178163] systemd[1]: Started Forward Password Requests to Wall Directory Watch.
[[0;32m  OK  [0m] Started Forward Password Requests to Wall Directory Watch.
[    7.187899] iscsi: registered transport (tcp)
[    7.189463] systemd[1]: Reached target Slices.
[[0;32m  OK  [0m] Reached target Slices.
[    7.192738] systemd[1]: Listening on Syslog Socket.
[[0;32m  OK  [0m] Listening on Syslog Socket.
[    7.196353] systemd[1]: Set up automount Arbitrary Executable File Formats File System Automount Point.
[[0;32m  OK  [0m] Set up automount Arbitrary Executab...ats File System Automount Point.
[    7.204498] systemd[1]: Starting Remount Root and Kernel File Systems...
         Starting Remount Root and Kernel File Systems...
[    7.208874] systemd[1]: Listening on Journal Audit Socket.
[[0;32m  OK  [0m] Listening on Journal Audit Socket.
[    7.214247] systemd[1]: Starting Journal Service...
         Starting Journal Service...
[    7.218031] systemd[1]: Reached target User and Group Name Lookups.
[[0;32m  OK  [0[    7.220994] EXT4-fs (sda1): re-mounted. Opts: (null)
m] Reached target User and Group Name Lookups.
[    7.225128] systemd[1]: Mounting Debug File System...
         Mounting Debug File System...
[    7.229784] systemd[1]: Reached target System Time Synchronized.
[[0;32m  OK  [0m] Reached target System Time Synchronized.
[    7.235115] systemd[1]: Listening on udev Kernel Socket.
[[0;32m  OK  [0m] Listening on udev Kernel Socket.
[    7.244208] systemd[1]: Starting Create list of required static device nodes for the current kernel...
         Starting Create list of required st... nodes for the current kernel...
[    7.248536] systemd[1]: Reached target Encrypted Volumes.
[[0;32m  OK  [0m] Reached target Encrypted Volumes.
[    7.253067] systemd[1]: Starting Uncomplicated firewall...
         Starting Uncomplicated firewall...
[    7.257320] systemd[1]: Reached target Swap.
[[0;32m  OK  [0m] Reached target Swap.
[    7.263497] systemd[1]: Mounted Huge Pages File System.
[[0;32m  OK  [0m] Mounted Huge Pages File System.
[    7.273396] systemd[1]: Mounted Debug File System.
[[0;32m  OK  [0m] Mounted Debug File System.
[    7.277373] systemd[1]: Mounted POSIX Message Queue File System.
[[0;32m  OK  [0m] Mounted POSIX Message Queue File System.
[    7.280283] systemd[1]: Started Journal Service.
[[0;32m  OK  [0m] Started Journal Service.
[    7.284871] iscsi: registered transport (iser)
[[0;32m  OK  [0m] Started Load Kernel Modules.
[[0;32m  OK  [0m] Started Remount Root and Kernel File Systems.
[[0;32m  OK  [0m] Started Create list of required sta...ce nodes for the current kernel.
[[0;32m  OK  [0m] Started Set console keymap.
[[0;32m  OK  [0m] Started Uncomplicated firewall.
[[0;32m  OK  [0m] Started Nameserver information manager.
[[0;32m  OK  [0m] Started LVM2 metadata daemon.
         Starting Create Static Device Nodes in /dev...
         Starting udev Coldplug all Devices...
         Starting Load/Save Random Seed...
         Mounting FUSE Control File System...
         Starting Apply Kernel Variables...
         Starting Flush Journal to Persistent Storage...
[[0;32m  OK  [0m] Mounted FUSE Control File System.
[[0;32m  OK  [0m] Started Load/Save Random Seed.
[[0;32m  OK  [0m] Started Create Static Device Nodes in /dev.
[[0;32m  OK  [0m] Started Apply Kernel Variables.
[[0;32m  OK  [0m] Started udev Coldplug all Devices.
[[0;32m  OK  [0m] Started Flush Journal to Persistent Storage.
         Starting udev Kernel Device Manager...
[[0;32m  OK  [0m] Started Monitoring of LVM2 mirrors,...ng dmeventd or progress polling.
[[0;32m  OK  [0m] Reached target Local File Systems (Pre).
[[0;32m  OK  [0m] Reached target Local File Systems.
         Starting LSB: AppArmor initialization...
         Starting Create Volatile Files and Directories...
         Starting Set console font and keymap...
         Starting Initial cloud-init job (pre-networking)...
         Starting Tell Plymouth To Write Out Runtime Data...
         Starting Commit a transient machine-id on disk...
[[0;32m  OK  [0m] Started Create Volatile Files and Directories.
[[0;32m  OK  [0m] Started Tell Plymouth To Write Out Runtime Data.
[[0;32m  OK  [0m] Started udev Kernel Device Manager.
[[0;32m  OK  [0m] Started Commit a transient machine-id on disk.
[[0;32m  OK  [0m] Started Dispatch Password Requests to Console Directory Watch.
         Starting Update UTMP about System Boot/Shutdown...
[[0;32m  OK  [0m] Started Update UTMP about System Boot/Shutdown.
[[0;32m  OK  [0m] Found device /dev/ttyS0.
[[0;32m  OK  [0m] Listening on Load/Save RF Kill Switch Status /dev/rfkill Watch.
[    9.303987] cloud-init[485]: Cloud-init v. 19.1-1-gbaa47854-0ubuntu1~16.04.1 running 'init-local' at Mon, 19 Aug 2019 04:59:54 +0000. Up 8.69 seconds.
[[0;32m  OK  [0m] Started Initial cloud-init job (pre-networking).
[[0;32m  OK  [0m] Reached target Network (Pre).
[[0;32m  OK  [0m] Started LSB: AppArmor initialization.
         Starting Raise network interfaces...
[[0;32m  OK  [0m] Started Set console font and keymap.
[[0;32m  OK  [0m] Created slice system-getty.slice.
[[0;32m  OK  [0m] Started Raise network interfaces.
         Starting Initial cloud-init job (metadata service crawler)...
[[0;32m  OK  [0m] Reached target Network.
[   11.878773] cloud-init[975]: Cloud-init v. 19.1-1-gbaa47854-0ubuntu1~16.04.1 running 'init' at Mon, 19 Aug 2019 04:59:56 +0000. Up 10.97 seconds.
[   11.882143] cloud-init[975]: ci-info: ++++++++++++++++++++++++++++++++++++++Net device info+++++++++++++++++++++++++++++++++++++++
[   11.889476] cloud-init[975]: ci-info: +--------+-------+----------------------------+---------------+--------+-------------------+
[   11.897214] cloud-init[975]: ci-info: | Device |   Up  |          Address           |      Mask     | Scope  |     Hw-Address    |
[   11.900102] cloud-init[975]: ci-info: +--------+-------+----------------------------+---------------+--------+-------------------+
[   11.908512] cloud-init[975]: ci-info: | enp0s3 |  True |         10.0.2.15          | 255.255.255.0 | global | 02:c2:66:bb:16:6d |
[   11.911352] cloud-init[975]: ci-info: | enp0s3 |  True | fe80::c2:66ff:febb:166d/64 |       .       |  link  | 02:c2:66:bb:16:6d |
[   11.919021] cloud-init[975]: ci-info: | enp0s8 | False |             .              |       .       |   .    | 08:00:27:da:cc:22 |
[   11.925722] cloud-init[975]: ci-info: |   lo   |  True |         127.0.0.1          |   255.0.0.0   |  host  |         .         |
[   11.933299] cloud-init[975]: ci-info: |   lo   |  True |          ::1/128           |       .       |  host  |         .         |
[   11.943214] cloud-init[975]: ci-info: +--------+-------+----------------------------+---------------+--------+-------------------+
[   11.946780] cloud-init[975]: ci-info: +++++++++++++++++++++++++++Route IPv4 info++++++++++++++++++++++++++++
[   11.949598] cloud-init[975]: ci-info: +-------+-------------+----------+---------------+-----------+-------+
[   11.952903] cloud-init[975]: ci-info: | Route | Destination | Gateway  |    Genmask    | Interface | Flags |
[   11.957044] cloud-init[975]: ci-info: +-------+-------------+----------+---------------+-----------+-------+
[   11.960629] cloud-init[975]: ci-info: |   0   |   0.0.0.0   | 10.0.2.2 |    0.0.0.0    |   enp0s3  |   UG  |
[   11.963313] cloud-init[975]: ci-info: |   1   |   10.0.2.0  | 0.0.0.0  | 255.255.255.0 |   enp0s3  |   U   |
[   11.965869] cloud-init[975]: ci-info: +-------+-------------+----------+---------------+-----------+-------+
[   11.970389] cloud-init[975]: ci-info: +++++++++++++++++++Route IPv6 info+++++++++++++++++++
[   11.972756] cloud-init[975]: ci-info: +-------+-------------+---------+-----------+-------+
[   11.975063] cloud-init[975]: ci-info: | Route | Destination | Gateway | Interface | Flags |
[   11.977799] cloud-init[975]: ci-info: +-------+-------------+---------+-----------+-------+
[   11.980176] cloud-init[975]: ci-info: |   0   |  fe80::/64  |    ::   |   enp0s3  |   U   |
[   11.983624] cloud-init[975]: ci-info: |   3   |   ff00::/8  |    ::   |   enp0s3  |   U   |
[   11.986142] cloud-init[975]: ci-info: +-------+-------------+---------+-----------+-------+
[   11.988591] cloud-init[975]: Generating public/private rsa key pair.
[   11.992785] [cloud-init[0;32m  OK  [0m[975]: ] Your identification has been saved in /etc/ssh/ssh_host_rsa_key.Started Initial cloud-init job (metadata service crawler).

[   11.995160] cloud-init[975]: Your public key has been saved in /etc/ssh/ssh_host_rsa_key.pub.
[[0;32m  OK  [0m] Reached target System Initialization.
[   11.998588] cloud-init[975]: The key fingerprint is:
[   12.000435] cloud-init[975]: SHA256:6KOHDnMWfrfGCy7y4/47j1DiQ7gW0nJLKrYl3DiWkg8 root@ubuntu-xenial
[   12.002556]          Starting LXD - unix socket.
[[0;32m  OK  [0m] Listening on ACPID Listen Socket.
         Starting Socket activation for snappy daemon.
[[0;32m  OK  [0m] Started Daily apt download activities.
[[0;32m  OK  [0m] Started Daily apt upgrade and clean activities.
[[0;32m  OK  [0m] Listening on D-Bus System Message Bus Socket.
[[0;32m  OK  [0m] Started Daily Cleanup of Temporary Directories.
[[0;32m  OK  [0m] Reached target Timers.
cloud-init[975]: The key's randomart image is:[[0;32m  OK  [0m] Listening on UUID daemon activation socket.

[   12.020808] [[0;32m  OK  [0m] Started ACPI Events Check.
[[0;32m  OK  [0m] Reached target Paths.
[[0;32m  OK  [0m] Reached target Network is Online.
cloud-init[975]: +---[RSA 2048]----+
[   12.024622] cloud-init[975]: |                 |
[   12.025881] cloud-init[975]: |                 |
[   12.027205] cloud-init[975]: |                 |
[   12.028689] cloud-init[975]: | . .   .         |
[   12.030076] cloud-init[975]: |o * + o S        |
[   12.031334] cloud-init[975]: |.B+B =           |
[   12.032655] cloud-init[975]: |EO*oB.=..        |
[   12.033968] cloud-init[975]: |=+*=+*o=o.       |
[   12.035635] cloud-init         Starting iSCSI initiator daemon (iscsid)...
[[0;32m  OK  [0m] Reached target Cloud-config availability.
[[0;32m  OK  [0m] Listening on LXD - unix socket.
[[0;32m  OK  [0m] Listening on Socket activation for snappy daemon.
[[0;32m  OK  [0m] Reached target Sockets.
[[0;32m  OK  [0m] Reached target Basic System.
[975]: | ..**===+.       |         Starting Accounts Service...

[   12.047842] cloud-init[975]: [[0;32m  OK  [0m] Started Regular background program processing daemon.
+----[SHA256]-----+
         Starting Snappy daemon...
         Starting System Logging Service...
[[0;32m  OK  [0m] Started D-Bus System Message Bus.
[   12.057838] cloud-init[975]: Generating public/private dsa key pair.
[   12.067684] cloud-init[975]: Your identification has been saved in /etc/ssh/ssh_host_dsa_key.
[   12.072371] cloud-init[975]: Your public key has been saved in /etc/ssh/ssh_host_dsa_key.pub.
[   12.074986] cloud-init[975]: The key fingerprint is:
[   12.076968] cloud-init[975]: SHA256:UmbzjnMWClrlroDYDgR93MXQr6dsOfP+y8IGiz6liPg root@ubuntu-xenial
[   12.080046] cloud-init[975]: The key's randomart image is:
[   12.081940] cloud-init[975]: +---[DSA 1024]----+
[   12.083792] cloud-init[975]: |      .+.        |
[   12.085626] cloud-init[975]: | . . . .o        |
[   12.087749] cloud-init[975]: |. . o . *.       |
[   12.090226] cloud-init[975]: |.  .   * o.      |
[   12.092441] cloud-init[975]: | .    + S.o      |
[   12.094728] cloud-init[975]: |.o . o +++..     |
[   12.096933] cloud-init[975]: |o.o.o. ==B+      |
[   12.098884] cloud-init[975]: |.o. ..+.O++.     |
[   12.100679] cloud-init[975]: | .E  .oo *oo+.   |
[   12.102802] cloud-init[975]: +----[SHA256]-----+
[   12.106300] cloud-init[975]: Generating public/private ecdsa key pair.
[   12.108948] cloud-init[975]: Your identification has been saved in /etc/ssh/ssh_host_ecdsa_key.
[   12.112970] cloud-init[975]: Your public key has been saved in /etc/ssh/ssh_host_ecdsa_key.pub.
[   12.116544] cloud-init[975]: The key fingerprint is:
[   12.119549] cloud-init[975]: SHA256:sk3BVmTW3kI5JEuBv3ZzFSfAZiMoji6EsRv4MPEzHVM root@ubuntu-xenial
[   12.121669] cloud-init[975]: The key's randomart image is:
[   12.123061] cloud-init[975]: +---[ECDSA 256]---+
[   12.124354] cloud-init[975]: |     .E  +O=oo   |
[   12.132489] cloud-init[975]: |o   o ..o=.oX ...|
[   12.133802] cloud-init[975]: |.* . = .+..* + .o|
[   12.135211] cloud-init[975]: |B = o .. .. o . .|
         Starting LXD - container startup/shutdown...
[[0;32m  OK  [0m] Started Deferred execution scheduler.
[   12.143653] cloud-init[975]: | B +  . S  . . . |
[   12.149062] cloud-init[975]: |. o .  =  o o .  |
[   12.150245] cloud-init[975]: |   .  . .. . o   |
[[0;32m  OK  [0m] Started FUSE filesystem for LXC.
[   12.154420] cloud-init[975]: |                 |
[   12.161265] cloud-init[975]: |                 |
         Starting /etc/rc.local Compatibility...
         Starting LSB: Record successful boot for GRUB...
         Starting Pollinate to seed the pseudo random number generator...
         Starting Virtualbox guest utils...
         Starting Login Service...
[   12.162614] cloud-init[975]: +----[SHA256]-----+
[   12.173706] cloud-init[975]: Generating public/private ed25519 key pair.
         Starting LSB: MD monitoring daemon...
[[0;32m  OK  [0m] Started ACPI event daemon.
[[0;32m  OK  [0m] Started System Logging Service.
[[0;32m  OK  [0m] Started /etc/rc.local Compatibility.
[[0;32m  OK  [0m] Started iSCSI initiator daemon (iscsid).
[   12.183647] cloud-init[975]: Your identification has been saved in /etc/ssh/ssh_host_ed25519_key.
[   12.240365] cloud-init[975]: Your public key has been saved in /etc/ssh/ssh_host_ed25519_key.pub.
[   12.263006] cloud-init[975]: The key fingerprint is:
[   12.267581] cloud-init[975]: SHA256:UxgKG89KI0DN4ZgCVHPRfw5it83WG1mgbofbXZ3Zbt0 root@ubuntu-xenial
[   12.273146] cloud-init[975]: The key's randomart image is:
[   12.277992] cloud-init[975]: +--[ED25519 256]--+
[   12.285990] cloud-init[975]: |=o+++oo .        |
[   12.289165] cloud-init[975]: |..+oo* o o   .   |
[   12.310831] cloud-init[975]: |.o..+ + o . . .  |
[   12.317414] cloud-init[975]: |.  o o o = o   . |
[   12.331521] cloud-init[975]: |    . . S O o o =|
         Starting Authenticate and Authorize Users to Run Privileged Tasks...
         Starting Login to default iSCSI targets...
[[0;32m  OK  [0m] Started LSB: Record successful boot for GRUB.
[   12.357954] cloud-init[975]: |         o O = o+|
[[0;32m  OK  [0m] Started Login Service.
[   12.394407] cloud-init[975]: |          o + +.+|
[   12.398445] cloud-init[975]: |           . o .E|
[   12.403326] cloud-init[975]: |               . |
[   12.405899] cloud-init[975]: +----[SHA256]-----+
[[0;32m  OK  [0m] Started Authenticate and Authorize Users to Run Privileged Tasks.
[[0;32m  OK  [0m] Started Accounts Service.
[[0;32m  OK  [0m] Started Login to default iSCSI targets.
[[0;32m  OK  [0m] Started LSB: MD monitoring daemon.
[[0;32m  OK  [0m] Reached target Remote File Systems (Pre).
[[0;32m  OK  [0m] Reached target Remote File Systems.
         Starting LSB: daemon to balance interrupts for SMP systems...
         Starting Permit User Sessions...
         Starting LSB: Set the CPU Frequency Scaling governor to "ondemand"...
         Starting LSB: automatic crash report generation...
[[0;32m  OK  [0m] Started Unattended Upgrades Shutdown.
[[0;32m  OK  [0m] Started LXD - container startup/shutdown.
[[0;32m  OK  [0m] Started Permit User Sessions.
         Starting Terminate Plymouth Boot Screen...
         Starting Hold until boot process finishes up...
[[0;32m  OK  [0m] Started LSB: Set the CPU Frequency Scaling governor to "ondemand".
[[0;32m  OK  [0m] Started Hold until boot process finishes up.
[[0;32m  OK  [0m] Started LSB: automatic crash report generation.
[[0;32m  OK  [0m] Started Snappy daemon.
[[0;32m  OK  [0m] Started Terminate Plymouth Boot Screen.
[[0;32m  OK  [0m] Started LSB: daemon to balance interrupts for SMP systems.
         Starting Wait until snapd is fully seeded...
[[0;32m  OK  [0m] Started Getty on tty1.
         Starting Set console scheme...
[[0;32m  OK  [0m] Started Serial Getty on ttyS0.
[[0;32m  OK  [0m] Reached target Login Prompts.
[[0;32m  OK  [0m] Started Set console scheme.
[[0;32m  OK  [0m] Started Virtualbox guest utils.
[[0;32m  OK  [0m] Started Pollinate to seed the pseudo random number generator.
         Starting OpenBSD Secure Shell server...
[[0;32m  OK  [0m] Started OpenBSD Secure Shell server.
[[0;32m  OK  [0m] Created slice User Slice of vagrant.
         Starting User Manager for UID 1000...
[[0;32m  OK  [0m] Started Session 1 of user vagrant.
[[0;32m  OK  [0m] Started User Manager for UID 1000.
[[0;32m  OK  [0m] Started Wait until snapd is fully seeded.
         Starting Apply the settings specified in cloud-config...
[[0;32m  OK  [0m] Reached target Multi-User System.
[[0;32m  OK  [0m] Reached target Graphical Interface.
         Starting Update UTMP about System Runlevel Changes...
[[0;32m  OK  [0m] Started Update UTMP about System Runlevel Changes.
[   15.065886] cloud-init[1402]: Generating locales (this might take a while)...
[   16.524791] cloud-init[1402]:   en_US.UTF-8... done
[   16.528874] cloud-init[1402]: Generation complete.
[   17.194659] cloud-init[1402]: Cloud-init v. 19.1-1-gbaa47854-0ubuntu1~16.04.1 running 'modules:config' at Mon, 19 Aug 2019 05:00:00 +0000. Up 14.88 seconds.
[[0;32m  OK  [0m] Started Apply the settings specified in cloud-config.
         Starting Execute cloud user/final scripts...
ci-info: no authorized ssh keys fingerprints found for user ubuntu.
<14>Aug 19 05:00:03 ec2: 
<14>Aug 19 05:00:03 ec2: #############################################################
<14>Aug 19 05:00:03 ec2: -----BEGIN SSH HOST KEY FINGERPRINTS-----
<14>Aug 19 05:00:03 ec2: 1024 SHA256:UmbzjnMWClrlroDYDgR93MXQr6dsOfP+y8IGiz6liPg root@ubuntu-xenial (DSA)
<14>Aug 19 05:00:03 ec2: 256 SHA256:sk3BVmTW3kI5JEuBv3ZzFSfAZiMoji6EsRv4MPEzHVM root@ubuntu-xenial (ECDSA)
<14>Aug 19 05:00:03 ec2: 256 SHA256:UxgKG89KI0DN4ZgCVHPRfw5it83WG1mgbofbXZ3Zbt0 root@ubuntu-xenial (ED25519)
<14>Aug 19 05:00:03 ec2: 2048 SHA256:6KOHDnMWfrfGCy7y4/47j1DiQ7gW0nJLKrYl3DiWkg8 root@ubuntu-xenial (RSA)
<14>Aug 19 05:00:03 ec2: -----END SSH HOST KEY FINGERPRINTS-----
<14>Aug 19 05:00:03 ec2: #############################################################
-----BEGIN SSH HOST KEY KEYS-----
ecdsa-sha2-nistp256 AAAAE2VjZHNhLXNoYTItbmlzdHAyNTYAAAAIbmlzdHAyNTYAAABBBL6tnbPBY4hK5kL+R/mgERkFzBenBjGAfOPI4jFgB8xv6x0b9Wybu66L8XhJ/1H6XzUVTxhsgMN7szLEFG8Y4m8= root@ubuntu-xenial
ssh-ed25519 AAAAC3NzaC1lZDI1NTE5AAAAIBhhXIz0J6dwOGv7zvdNE5apNnoqK/0FJhd2q5vynXV6 root@ubuntu-xenial
ssh-rsa AAAAB3NzaC1yc2EAAAADAQABAAABAQC4lfOYBObl55Nb3EGPJpP+setLGRsRWaADh3ERpucfcrL20gWNWHNqUrDeFnO3mL8x0jEeoST8RgsvC0ESOQftOpnTXRdqaomCGQE8QDZ0chwzNuTG+fRMMBZVUwAlpolM+pGPuwu+r95dIOpinFLlwtCNSDYQfx+UEEmPZfv6PuIYnt2HvyA1Fn5fl6Tm59KJfPwpnhvpc/y0rkYvsEuk2NRQQMUq+ATe3rgq+f1kWLyJ8vJkvltmYoK/eDz4jBdnnUjLG6hCFafzAc7GJIqXWD01GtUtco3eCYoSJW87CP+nVB9TzTH11nIEyYlfsnTFwmMSbpObRkpC1KOj6Zgb root@ubuntu-xenial
-----END SSH HOST KEY KEYS-----
[   18.259762] cloud-init[1568]: Cloud-init v. 19.1-1-gbaa47854-0ubuntu1~16.04.1 running 'modules:final' at Mon, 19 Aug 2019 05:00:03 +0000. Up 17.95 seconds.
[   18.260160] cloud-init[1568]: ci-info: no authorized ssh keys fingerprints found for user ubuntu.
[   18.261180] cloud-init[1568]: Cloud-init v. 19.1-1-gbaa47854-0ubuntu1~16.04.1 finished at Mon, 19 Aug 2019 05:00:03 +0000. Datasource DataSourceNoCloud [seed=/dev/sdb][dsmode=net].  Up 18.23 seconds

Ubuntu 16.04.6 LTS ubuntu-xenial ttyS0

ubuntu-xenial login: 